============================= test session starts ==============================
platform darwin -- Python 3.11.10, pytest-9.0.1, pluggy-1.6.0 -- /Users/jleechan/.pyenv/versions/3.11.10/bin/python
cachedir: .pytest_cache
hypothesis profile 'default'
rootdir: /Users/jleechan/projects_other/bp-telemetry-core-fork
plugins: mock-3.15.1, devpi-server-6.17.0, anyio-4.11.0, hypothesis-6.140.2, xdist-3.8.0, timeout-2.4.0, cov-4.1.0, Faker-37.8.0, asyncio-1.3.0, django-4.7.0
timeout: 180.0s
timeout method: signal
timeout func_only: False
asyncio: mode=Mode.STRICT, debug=False, asyncio_default_fixture_loop_scope=None, asyncio_default_test_loop_scope=function
collecting ... collected 10 items

testing_integration/test_claude_telemetry.py::test_redis_available PASSED [ 10%]
testing_integration/test_claude_telemetry.py::test_server_starts PASSED  [ 20%]
testing_integration/test_claude_telemetry.py::test_claude_cli_available PASSED [ 30%]
testing_integration/test_claude_telemetry.py::test_telemetry_db_exists PASSED [ 40%]
testing_integration/test_claude_telemetry.py::test_simple_prompt_generates_events PASSED [ 50%]
testing_integration/test_claude_telemetry.py::test_event_structure PASSED [ 60%]
testing_integration/test_claude_telemetry.py::test_conversation_tracking PASSED [ 70%]
testing_integration/test_claude_telemetry.py::TestClaudeTelemetry::test_claude_cli_available PASSED [ 80%]
testing_integration/test_claude_telemetry.py::TestClaudeTelemetry::test_telemetry_db_exists PASSED [ 90%]
testing_integration/test_claude_telemetry.py::TestClaudeTelemetry::test_simple_prompt_generates_events PASSED [100%]

=============================== warnings summary ===============================
testing_integration/test_claude_telemetry.py::test_redis_available
  /Users/jleechan/.pyenv/versions/3.11.10/lib/python3.11/site-packages/_pytest/python.py:170: PytestReturnNotNoneWarning: Test functions should return None, but testing_integration/test_claude_telemetry.py::test_redis_available returned <class 'bool'>.
  Did you mean to use `assert` instead of `return`?
  See https://docs.pytest.org/en/stable/how-to/assert.html#return-not-none for more information.
    warnings.warn(

testing_integration/test_claude_telemetry.py::test_server_starts
  /Users/jleechan/.pyenv/versions/3.11.10/lib/python3.11/site-packages/_pytest/python.py:170: PytestReturnNotNoneWarning: Test functions should return None, but testing_integration/test_claude_telemetry.py::test_server_starts returned <class 'bool'>.
  Did you mean to use `assert` instead of `return`?
  See https://docs.pytest.org/en/stable/how-to/assert.html#return-not-none for more information.
    warnings.warn(

testing_integration/test_claude_telemetry.py::test_claude_cli_available
  /Users/jleechan/.pyenv/versions/3.11.10/lib/python3.11/site-packages/_pytest/python.py:170: PytestReturnNotNoneWarning: Test functions should return None, but testing_integration/test_claude_telemetry.py::test_claude_cli_available returned <class 'bool'>.
  Did you mean to use `assert` instead of `return`?
  See https://docs.pytest.org/en/stable/how-to/assert.html#return-not-none for more information.
    warnings.warn(

testing_integration/test_claude_telemetry.py::test_telemetry_db_exists
  /Users/jleechan/.pyenv/versions/3.11.10/lib/python3.11/site-packages/_pytest/python.py:170: PytestReturnNotNoneWarning: Test functions should return None, but testing_integration/test_claude_telemetry.py::test_telemetry_db_exists returned <class 'bool'>.
  Did you mean to use `assert` instead of `return`?
  See https://docs.pytest.org/en/stable/how-to/assert.html#return-not-none for more information.
    warnings.warn(

testing_integration/test_claude_telemetry.py::test_simple_prompt_generates_events
  /Users/jleechan/.pyenv/versions/3.11.10/lib/python3.11/site-packages/_pytest/python.py:170: PytestReturnNotNoneWarning: Test functions should return None, but testing_integration/test_claude_telemetry.py::test_simple_prompt_generates_events returned <class 'bool'>.
  Did you mean to use `assert` instead of `return`?
  See https://docs.pytest.org/en/stable/how-to/assert.html#return-not-none for more information.
    warnings.warn(

testing_integration/test_claude_telemetry.py::test_event_structure
  /Users/jleechan/.pyenv/versions/3.11.10/lib/python3.11/site-packages/_pytest/python.py:170: PytestReturnNotNoneWarning: Test functions should return None, but testing_integration/test_claude_telemetry.py::test_event_structure returned <class 'bool'>.
  Did you mean to use `assert` instead of `return`?
  See https://docs.pytest.org/en/stable/how-to/assert.html#return-not-none for more information.
    warnings.warn(

testing_integration/test_claude_telemetry.py::test_conversation_tracking
  /Users/jleechan/.pyenv/versions/3.11.10/lib/python3.11/site-packages/_pytest/python.py:170: PytestReturnNotNoneWarning: Test functions should return None, but testing_integration/test_claude_telemetry.py::test_conversation_tracking returned <class 'bool'>.
  Did you mean to use `assert` instead of `return`?
  See https://docs.pytest.org/en/stable/how-to/assert.html#return-not-none for more information.
    warnings.warn(

-- Docs: https://docs.pytest.org/en/stable/how-to/capture-warnings.html
======================= 10 passed, 7 warnings in 50.12s ========================
